<?xml version="1.0" encoding="UTF-8"?>
<!-- Generated by org.testng.reporters.JUnitXMLReporter -->
<testsuite ignored="0" hostname="SONIC" failures="0" tests="3" name="Test" time="54.78" errors="0" timestamp="2025-04-13T12:23:32 IST">
  <testcase classname="StepDefinition.LoginTest" name="login" time="10.837"/>
  <testcase classname="StepDefinition.LoginTestDD" name="login" time="10.765"/>
  <testcase classname="StepDefinition.LoginTestDD" name="login" time="20.747"/>
</testsuite> <!-- Test -->
