<?xml version="1.0" encoding="UTF-8"?>
<testng-results ignored="0" total="3" passed="3" failed="0" skipped="0">
  <reporter-output>
  </reporter-output>
  <suite started-at="2025-04-13T12:22:37 IST" name="Suite" finished-at="2025-04-13T12:23:32 IST" duration-ms="54780">
    <groups>
    </groups>
    <test started-at="2025-04-13T12:22:37 IST" name="Test" finished-at="2025-04-13T12:23:32 IST" duration-ms="54780">
      <class name="StepDefinition.LoginTest">
        <test-method is-config="true" signature="setup()[pri:0, instance:StepDefinition.LoginTest@2e005c4b]" started-at="2025-04-13T12:22:37 IST" name="setup" finished-at="2025-04-13T12:22:43 IST" duration-ms="5720" status="PASS">
          <reporter-output>
          </reporter-output>
        </test-method> <!-- setup -->
        <test-method signature="login()[pri:0, instance:StepDefinition.LoginTest@2e005c4b]" started-at="2025-04-13T12:22:43 IST" name="login" finished-at="2025-04-13T12:22:54 IST" duration-ms="10837" status="PASS">
          <reporter-output>
          </reporter-output>
        </test-method> <!-- login -->
        <test-method is-config="true" signature="closure()[pri:0, instance:StepDefinition.LoginTest@2e005c4b]" started-at="2025-04-13T12:22:54 IST" name="closure" finished-at="2025-04-13T12:22:54 IST" duration-ms="248" status="PASS">
          <reporter-output>
          </reporter-output>
        </test-method> <!-- closure -->
      </class> <!-- StepDefinition.LoginTest -->
      <class name="StepDefinition.LoginTestDD">
        <test-method is-config="true" signature="setup()[pri:0, instance:StepDefinition.LoginTestDD@436813f3]" started-at="2025-04-13T12:22:54 IST" name="setup" finished-at="2025-04-13T12:22:57 IST" duration-ms="2751" status="PASS">
          <reporter-output>
          </reporter-output>
        </test-method> <!-- setup -->
        <test-method signature="login(java.lang.String,java.lang.String,java.lang.String)[pri:0, instance:StepDefinition.LoginTestDD@436813f3]" started-at="2025-04-13T12:22:57 IST" name="login" data-provider="getLoginData" finished-at="2025-04-13T12:23:08 IST" duration-ms="10765" status="PASS">
          <params>
            <param index="0">
              <value>
                <![CDATA[javed.nadaf@gmail.com]]>
              </value>
            </param>
            <param index="1">
              <value>
                <![CDATA[123456789]]>
              </value>
            </param>
            <param index="2">
              <value>
                <![CDATA[Success]]>
              </value>
            </param>
          </params>
          <reporter-output>
          </reporter-output>
        </test-method> <!-- login -->
        <test-method is-config="true" signature="closure()[pri:0, instance:StepDefinition.LoginTestDD@436813f3]" started-at="2025-04-13T12:23:08 IST" name="closure" finished-at="2025-04-13T12:23:08 IST" duration-ms="235" status="PASS">
          <reporter-output>
          </reporter-output>
        </test-method> <!-- closure -->
        <test-method is-config="true" signature="setup()[pri:0, instance:StepDefinition.LoginTestDD@436813f3]" started-at="2025-04-13T12:23:08 IST" name="setup" finished-at="2025-04-13T12:23:11 IST" duration-ms="3165" status="PASS">
          <reporter-output>
          </reporter-output>
        </test-method> <!-- setup -->
        <test-method signature="login(java.lang.String,java.lang.String,java.lang.String)[pri:0, instance:StepDefinition.LoginTestDD@436813f3]" started-at="2025-04-13T12:23:11 IST" name="login" data-provider="getLoginData" finished-at="2025-04-13T12:23:32 IST" duration-ms="20747" status="PASS">
          <params>
            <param index="0">
              <value>
                <![CDATA[dummy@gamil.com]]>
              </value>
            </param>
            <param index="1">
              <value>
                <![CDATA[123456789]]>
              </value>
            </param>
            <param index="2">
              <value>
                <![CDATA[Failure]]>
              </value>
            </param>
          </params>
          <reporter-output>
          </reporter-output>
        </test-method> <!-- login -->
        <test-method is-config="true" signature="closure()[pri:0, instance:StepDefinition.LoginTestDD@436813f3]" started-at="2025-04-13T12:23:32 IST" name="closure" finished-at="2025-04-13T12:23:32 IST" duration-ms="264" status="PASS">
          <reporter-output>
          </reporter-output>
        </test-method> <!-- closure -->
      </class> <!-- StepDefinition.LoginTestDD -->
    </test> <!-- Test -->
  </suite> <!-- Suite -->
</testng-results>
