<?xml version="1.0" encoding="UTF-8"?>
<testng-results ignored="0" total="3" passed="3" failed="0" skipped="0">
  <reporter-output>
  </reporter-output>
  <suite started-at="2025-04-13T12:08:09 IST" name="Suite" finished-at="2025-04-13T12:09:06 IST" duration-ms="57348">
    <groups>
    </groups>
    <test started-at="2025-04-13T12:08:09 IST" name="Test" finished-at="2025-04-13T12:09:06 IST" duration-ms="57348">
      <class name="StepDefinition.LoginTest">
        <test-method is-config="true" signature="setup()[pri:0, instance:StepDefinition.LoginTest@7161d8d1]" started-at="2025-04-13T12:08:09 IST" name="setup" finished-at="2025-04-13T12:08:16 IST" duration-ms="6969" status="PASS">
          <reporter-output>
          </reporter-output>
        </test-method> <!-- setup -->
        <test-method signature="login()[pri:0, instance:StepDefinition.LoginTest@7161d8d1]" started-at="2025-04-13T12:08:16 IST" name="login" finished-at="2025-04-13T12:08:27 IST" duration-ms="11080" status="PASS">
          <reporter-output>
          </reporter-output>
        </test-method> <!-- login -->
        <test-method is-config="true" signature="closure()[pri:0, instance:StepDefinition.LoginTest@7161d8d1]" started-at="2025-04-13T12:08:27 IST" name="closure" finished-at="2025-04-13T12:08:27 IST" duration-ms="284" status="PASS">
          <reporter-output>
          </reporter-output>
        </test-method> <!-- closure -->
      </class> <!-- StepDefinition.LoginTest -->
      <class name="StepDefinition.LoginTestDD">
        <test-method is-config="true" signature="setup()[pri:0, instance:StepDefinition.LoginTestDD@1caa0244]" started-at="2025-04-13T12:08:27 IST" name="setup" finished-at="2025-04-13T12:08:30 IST" duration-ms="2865" status="PASS">
          <reporter-output>
          </reporter-output>
        </test-method> <!-- setup -->
        <test-method signature="login(java.lang.String,java.lang.String,java.lang.String)[pri:0, instance:StepDefinition.LoginTestDD@1caa0244]" started-at="2025-04-13T12:08:30 IST" name="login" data-provider="getLoginData" finished-at="2025-04-13T12:08:41 IST" duration-ms="11090" status="PASS">
          <params>
            <param index="0">
              <value>
                <![CDATA[javed.nadaf@gmail.com]]>
              </value>
            </param>
            <param index="1">
              <value>
                <![CDATA[123456789]]>
              </value>
            </param>
            <param index="2">
              <value>
                <![CDATA[Success]]>
              </value>
            </param>
          </params>
          <reporter-output>
          </reporter-output>
        </test-method> <!-- login -->
        <test-method is-config="true" signature="closure()[pri:0, instance:StepDefinition.LoginTestDD@1caa0244]" started-at="2025-04-13T12:08:41 IST" name="closure" finished-at="2025-04-13T12:08:41 IST" duration-ms="236" status="PASS">
          <reporter-output>
          </reporter-output>
        </test-method> <!-- closure -->
        <test-method is-config="true" signature="setup()[pri:0, instance:StepDefinition.LoginTestDD@1caa0244]" started-at="2025-04-13T12:08:41 IST" name="setup" finished-at="2025-04-13T12:08:44 IST" duration-ms="3170" status="PASS">
          <reporter-output>
          </reporter-output>
        </test-method> <!-- setup -->
        <test-method signature="login(java.lang.String,java.lang.String,java.lang.String)[pri:0, instance:StepDefinition.LoginTestDD@1caa0244]" started-at="2025-04-13T12:08:44 IST" name="login" data-provider="getLoginData" finished-at="2025-04-13T12:09:06 IST" duration-ms="21366" status="PASS">
          <params>
            <param index="0">
              <value>
                <![CDATA[dummy@gamil.com]]>
              </value>
            </param>
            <param index="1">
              <value>
                <![CDATA[123456789]]>
              </value>
            </param>
            <param index="2">
              <value>
                <![CDATA[Failure]]>
              </value>
            </param>
          </params>
          <reporter-output>
          </reporter-output>
        </test-method> <!-- login -->
        <test-method is-config="true" signature="closure()[pri:0, instance:StepDefinition.LoginTestDD@1caa0244]" started-at="2025-04-13T12:09:06 IST" name="closure" finished-at="2025-04-13T12:09:06 IST" duration-ms="239" status="PASS">
          <reporter-output>
          </reporter-output>
        </test-method> <!-- closure -->
      </class> <!-- StepDefinition.LoginTestDD -->
    </test> <!-- Test -->
  </suite> <!-- Suite -->
</testng-results>
